
[14-Aug-2025 18:16:01 America/Tegucigalpa] conexión es exitosa
[14-Aug-2025 18:16:01 America/Tegucigalpa] conexión es exitosa
[14-Aug-2025 18:16:01 America/Tegucigalpa] conexión es exitosa
[14-Aug-2025 18:16:01 America/Tegucigalpa] ROL A INSERTAR: visitante
[14-Aug-2025 18:17:21 America/Tegucigalpa] PHP Fatal error:  Uncaught Firebase\JWT\ExpiredException: Expired token in C:\xampp\htdocs\SistemaGrupo4\vendor\firebase\php-jwt\src\JWT.php:158
Stack trace:
#0 C:\xampp\htdocs\SistemaGrupo4\Src\Config\Security.php(62): Firebase\JWT\JWT::decode('eyJ0eXAiOiJKV1Q...', '12345HOLAMUNDO/...', Array)
#1 C:\xampp\htdocs\SistemaGrupo4\Src\Controllers\UserController.php(257): App\Config\Security::validateTokenJwt(Array, '12345HOLAMUNDO/...')
#2 C:\xampp\htdocs\SistemaGrupo4\Src\Routes\user.php(16): App\Controllers\UserController->obtener_usuarios('user/')
#3 C:\xampp\htdocs\SistemaGrupo4\Public\index.php(27): require('C:\\xampp\\htdocs...')
#4 {main}
  thrown in C:\xampp\htdocs\SistemaGrupo4\vendor\firebase\php-jwt\src\JWT.php on line 158
[14-Aug-2025 18:18:34 America/Tegucigalpa] conexión es exitosa
[14-Aug-2025 18:19:02 America/Tegucigalpa] conexión es exitosa
[14-Aug-2025 18:19:52 America/Tegucigalpa] conexión es exitosa
[14-Aug-2025 18:24:40 America/Tegucigalpa] conexión es exitosa
[14-Aug-2025 18:25:21 America/Tegucigalpa] conexión es exitosa
[14-Aug-2025 18:25:21 America/Tegucigalpa] conexión es exitosa
[14-Aug-2025 18:26:55 America/Tegucigalpa] conexión es exitosa
[14-Aug-2025 18:27:02 America/Tegucigalpa] conexión es exitosa
[14-Aug-2025 18:27:02 America/Tegucigalpa] conexión es exitosa
[14-Aug-2025 18:37:16 America/Tegucigalpa] PHP Fatal error:  Uncaught Firebase\JWT\ExpiredException: Expired token in C:\xampp\htdocs\SistemaGrupo4\vendor\firebase\php-jwt\src\JWT.php:158
Stack trace:
#0 C:\xampp\htdocs\SistemaGrupo4\Src\Config\Security.php(62): Firebase\JWT\JWT::decode('eyJ0eXAiOiJKV1Q...', '12345HOLAMUNDO/...', Array)
#1 C:\xampp\htdocs\SistemaGrupo4\Src\Controllers\UserController.php(257): App\Config\Security::validateTokenJwt(Array, '12345HOLAMUNDO/...')
#2 C:\xampp\htdocs\SistemaGrupo4\Src\Routes\user.php(16): App\Controllers\UserController->obtener_usuarios('user/')
#3 C:\xampp\htdocs\SistemaGrupo4\Public\index.php(27): require('C:\\xampp\\htdocs...')
#4 {main}
  thrown in C:\xampp\htdocs\SistemaGrupo4\vendor\firebase\php-jwt\src\JWT.php on line 158
[14-Aug-2025 18:37:24 America/Tegucigalpa] conexión es exitosa
[14-Aug-2025 18:37:35 America/Tegucigalpa] PHP Fatal error:  Uncaught Firebase\JWT\ExpiredException: Expired token in C:\xampp\htdocs\SistemaGrupo4\vendor\firebase\php-jwt\src\JWT.php:158
Stack trace:
#0 C:\xampp\htdocs\SistemaGrupo4\Src\Config\Security.php(62): Firebase\JWT\JWT::decode('eyJ0eXAiOiJKV1Q...', '12345HOLAMUNDO/...', Array)
#1 C:\xampp\htdocs\SistemaGrupo4\Src\Controllers\UserController.php(257): App\Config\Security::validateTokenJwt(Array, '12345HOLAMUNDO/...')
#2 C:\xampp\htdocs\SistemaGrupo4\Src\Routes\user.php(16): App\Controllers\UserController->obtener_usuarios('user/')
#3 C:\xampp\htdocs\SistemaGrupo4\Public\index.php(27): require('C:\\xampp\\htdocs...')
#4 {main}
  thrown in C:\xampp\htdocs\SistemaGrupo4\vendor\firebase\php-jwt\src\JWT.php on line 158
[14-Aug-2025 18:37:48 America/Tegucigalpa] conexión es exitosa
[14-Aug-2025 18:38:10 America/Tegucigalpa] conexión es exitosa
[14-Aug-2025 18:40:52 America/Tegucigalpa] conexión es exitosa
[14-Aug-2025 18:41:42 America/Tegucigalpa] conexión es exitosa
[14-Aug-2025 18:42:31 America/Tegucigalpa] conexión es exitosa
[14-Aug-2025 18:42:31 America/Tegucigalpa] conexión es exitosa
[14-Aug-2025 18:44:09 America/Tegucigalpa] conexión es exitosa
[14-Aug-2025 18:46:29 America/Tegucigalpa] conexión es exitosa
[14-Aug-2025 18:46:56 America/Tegucigalpa] conexión es exitosa
[14-Aug-2025 20:28:54 America/Tegucigalpa] conexión es exitosa
[14-Aug-2025 20:29:35 America/Tegucigalpa] conexión es exitosa
[14-Aug-2025 20:29:43 America/Tegucigalpa] conexión es exitosa
[14-Aug-2025 20:30:37 America/Tegucigalpa] conexión es exitosa
[14-Aug-2025 20:30:56 America/Tegucigalpa] conexión es exitosa
[14-Aug-2025 21:21:56 America/Tegucigalpa] conexión es exitosa
[14-Aug-2025 21:22:28 America/Tegucigalpa] ROUTE: user/Wasa10/
[14-Aug-2025 21:22:28 America/Tegucigalpa] ENDPOINT: user/Wasa10/
[14-Aug-2025 21:22:29 America/Tegucigalpa] conexión es exitosa
[14-Aug-2025 21:31:36 America/Tegucigalpa] conexión es exitosa
[14-Aug-2025 21:32:05 America/Tegucigalpa] conexión es exitosa
[14-Aug-2025 21:32:10 America/Tegucigalpa] conexión es exitosa
[14-Aug-2025 21:32:10 America/Tegucigalpa] PHP Warning:  Undefined array key "code" in C:\xampp\htdocs\SistemaGrupo4\Src\Controllers\UserController.php on line 323
[15-Aug-2025 14:38:41 America/Tegucigalpa] conexión es exitosa
[15-Aug-2025 14:39:40 America/Tegucigalpa] conexión es exitosa
[15-Aug-2025 15:06:27 America/Tegucigalpa] conexión es exitosa
